{"Date":"2018-1-20 12:09:55","errorMessage":"Illegal Login Attempt"}
{"Date":"2018-1-20 12:12:14","user":"user JOhn Hong has logged in"}
{"Date":"2018-1-20 12:17:03","user":"user JOhn Hong has logged out"}
{"Date":"2018-1-20 12:20:07","user":"user JOhn Hong has logged in"}
{"Date":"2018-1-20 12:20:16","user":"user JOhn Hong has logged out"}
{"Date":"2018-1-20 12:26:01","user":"user JOhn Hong has logged in"}
{"Date":"2018-1-20 12:46:12","user":"user JOhn Hong has logged out"}
{"Date":"2018-1-20 12:46:25","user":"user JOhn Hong has logged in"}
{"Date":"2018-1-20 12:51:39","user":"user JOhn Hong has logged out"}
{"Date":"2018-1-20 12:51:55","user":"user JOhn Hong has logged in"}
{"Date":"2018-1-20 12:54:42","user":"user JOhn Hong has logged out"}
{"Date":"2018-1-20 12:54:49","user":"user JOhn Hong has logged in"}
{"Date":"2018-1-20 12:55:03","user":"user JOhn Hong has logged out"}
{"Date":"2018-1-20 12:58:31","user":"user JOhn Hong has logged in"}
{"Date":"2018-1-20 13:02:46","user":"user JOhn Hong has logged out"}
{"Date":"2018-1-20 13:04:08","user":"user JOhn Hong has logged in"}
{"Date":"2018-1-20 14:49:04","user":"user JOhn Hong has logged out"}
{"Date":"2018-1-20 14:49:12","user":"user JOhn Hong has logged in"}
{"Date":"2018-1-20 14:49:20","user":"user JOhn Hong has logged out"}
{"Date":"2018-1-20 14:49:25","user":"user JOhn Hong has logged in"}
{"Date":"2018-1-20 14:50:51","user":"user JOhn Hong has logged out"}
{"Date":"2018-1-20 14:50:58","user":"user JOhn Hong has logged in"}
{"Date":"2018-1-20 14:51:00","user":"user JOhn Hong has logged out"}
{"Date":"2018-1-20 14:51:07","user":"user JOhn Hong has logged in"}
{"Date":"1/20/2018, 4:38:11 PM","user":"user Joshua Chang has logged out"}
{"Date":"1/20/2018, 4:38:39 PM","user":"user Joshua Chang has logged in"}
{"Date":"1/20/2018, 4:41:50 PM","user":"user Joshua Chang has logged out"}
{"Date":"1/20/2018, 4:42:03 PM","user":"user Joshua Chang has logged in"}
